#
# There is insufficient memory for the Java Runtime Environment to continue.
# Native memory allocation (malloc) failed to allocate 1048576 bytes for AllocateHeap
# Possible reasons:
#   The system is out of physical RAM or swap space
#   The process is running with CompressedOops enabled, and the Java Heap may be blocking the growth of the native heap
# Possible solutions:
#   Reduce memory load on the system
#   Increase physical memory or swap space
#   Check if swap backing store is full
#   Decrease Java heap size (-Xmx/-Xms)
#   Decrease number of Java threads
#   Decrease Java thread stack sizes (-Xss)
#   Set larger code cache with -XX:ReservedCodeCacheSize=
#   JVM is running with Unscaled Compressed Oops mode in which the Java heap is
#     placed in the first 4GB address space. The Java Heap base address is the
#     maximum limit for the native heap growth. Please use -XX:HeapBaseMinAddress
#     to set the Java Heap base and to place the Java Heap above 4GB virtual address.
# This output file may be truncated or incomplete.
#
#  Out of Memory Error (memory/allocation.inline.hpp:61), pid=16076, tid=0x000000000000153c
#
# JRE version:  (8.0_211-b12) (build )
# Java VM: Java HotSpot(TM) 64-Bit Server VM (25.211-b12 mixed mode windows-amd64 compressed oops)
# Failed to write core dump. Minidumps are not enabled by default on client versions of Windows
#

---------------  T H R E A D  ---------------

Current thread (0x0000000002f62800):  JavaThread "Unknown thread" [_thread_in_vm, id=5436, stack(0x0000000002e60000,0x0000000002f60000)]

Stack: [0x0000000002e60000,0x0000000002f60000]
[error occurred during error reporting (printing stack bounds), id 0xc0000005]

Native frames: (J=compiled Java code, j=interpreted, Vv=VM code, C=native code)


---------------  P R O C E S S  ---------------

Java Threads: ( => current thread )

Other Threads:

=>0x0000000002f62800 (exited) JavaThread "Unknown thread" [_thread_in_vm, id=5436, stack(0x0000000002e60000,0x0000000002f60000)]

VM state:not at safepoint (normal execution)

VM Mutex/Monitor currently owned by a thread: None

heap address: 0x00000000fc000000, size: 64 MB, Compressed Oops mode: 32-bit
Narrow klass base: 0x0000000000000000, Narrow klass shift: 3
Compressed class space size: 1073741824 Address: 0x0000000100000000

Heap:
 PSYoungGen      total 18944K, used 327K [0x00000000feb00000, 0x0000000100000000, 0x0000000100000000)
  eden space 16384K, 2% used [0x00000000feb00000,0x00000000feb51ec8,0x00000000ffb00000)
  from space 2560K, 0% used [0x00000000ffd80000,0x00000000ffd80000,0x0000000100000000)
  to   space 2560K, 0% used [0x00000000ffb00000,0x00000000ffb00000,0x00000000ffd80000)
 ParOldGen       total 44032K, used 0K [0x00000000fc000000, 0x00000000feb00000, 0x00000000feb00000)
  object space 44032K, 0% used [0x00000000fc000000,0x00000000fc000000,0x00000000feb00000)
 Metaspace       used 775K, capacity 4480K, committed 4480K, reserved 1056768K
  class space    used 76K, capacity 384K, committed 384K, reserved 1048576K

Card table byte_map: [0x0000000002d00000,0x0000000002d30000] byte_map_base: 0x0000000002520000

Marking Bits: (ParMarkBitMap*) 0x0000000077295ce0
 Begin Bits: [0x0000000012820000, 0x0000000012920000)
 End Bits:   [0x0000000012920000, 0x0000000012a20000)

Polling page: 0x0000000001400000

CodeCache: size=245760Kb used=328Kb max_used=328Kb free=245431Kb
 bounds [0x0000000003060000, 0x00000000032d0000, 0x0000000012060000]
 total_blobs=58 nmethods=0 adapters=38
 compilation: enabled

Compilation events (0 events):
No events

GC Heap History (0 events):
No events

Deoptimization events (0 events):
No events

Classes redefined (0 events):
No events

Internal exceptions (0 events):
No events

Events (10 events):
Event: 0.041 loading class java/lang/Short
Event: 0.041 loading class java/lang/Short done
Event: 0.041 loading class java/lang/Integer
Event: 0.042 loading class java/lang/Integer done
Event: 0.042 loading class java/lang/Long
Event: 0.042 loading class java/lang/Long done
Event: 0.043 loading class java/lang/NullPointerException
Event: 0.043 loading class java/lang/NullPointerException done
Event: 0.043 loading class java/lang/ArithmeticException
Event: 0.043 loading class java/lang/ArithmeticException done


Dynamic libraries:
0x00007ff641ad0000 - 0x00007ff641b07000 	C:\Program Files\Java\jdk1.8.0_211\bin\java.exe
0x00007ffbe9d20000 - 0x00007ffbe9f10000 	C:\Windows\SYSTEM32\ntdll.dll
0x00007ffbe89c0000 - 0x00007ffbe8a72000 	C:\Windows\System32\KERNEL32.DLL
0x00007ffbe6fc0000 - 0x00007ffbe7265000 	C:\Windows\System32\KERNELBASE.dll
0x00007ffbe9a10000 - 0x00007ffbe9ab3000 	C:\Windows\System32\ADVAPI32.dll
0x00007ffbe9190000 - 0x00007ffbe922e000 	C:\Windows\System32\msvcrt.dll
0x00007ffbe8510000 - 0x00007ffbe85a7000 	C:\Windows\System32\sechost.dll
0x00007ffbe85b0000 - 0x00007ffbe86cf000 	C:\Windows\System32\RPCRT4.dll
0x00007ffbe8ff0000 - 0x00007ffbe9184000 	C:\Windows\System32\USER32.dll
0x00007ffbe6f90000 - 0x00007ffbe6fb1000 	C:\Windows\System32\win32u.dll
0x00007ffbe9b30000 - 0x00007ffbe9b56000 	C:\Windows\System32\GDI32.dll
0x00007ffbe7b80000 - 0x00007ffbe7d18000 	C:\Windows\System32\gdi32full.dll
0x00007ffbe6ef0000 - 0x00007ffbe6f8e000 	C:\Windows\System32\msvcp_win.dll
0x00007ffbe6c90000 - 0x00007ffbe6d8a000 	C:\Windows\System32\ucrtbase.dll
0x00007ffbd3970000 - 0x00007ffbd3bf4000 	C:\Windows\WinSxS\amd64_microsoft.windows.common-controls_6595b64144ccf1df_6.0.18362.1440_none_9e7dbfb9e45e8e67\COMCTL32.dll
0x00007ffbe81d0000 - 0x00007ffbe8506000 	C:\Windows\System32\combase.dll
0x00007ffbe6d90000 - 0x00007ffbe6e11000 	C:\Windows\System32\bcryptPrimitives.dll
0x00007ffbe9b70000 - 0x00007ffbe9b9e000 	C:\Windows\System32\IMM32.DLL
0x0000000050910000 - 0x00000000509e2000 	C:\Program Files\Java\jdk1.8.0_211\jre\bin\msvcr100.dll
0x0000000076a70000 - 0x0000000077315000 	C:\Program Files\Java\jdk1.8.0_211\jre\bin\server\jvm.dll
0x00007ffbe9920000 - 0x00007ffbe9928000 	C:\Windows\System32\PSAPI.DLL
0x00007ffbcfdf0000 - 0x00007ffbcfdf9000 	C:\Windows\SYSTEM32\WSOCK32.dll
0x00007ffbe9ac0000 - 0x00007ffbe9b2f000 	C:\Windows\System32\WS2_32.dll
0x00007ffbe49b0000 - 0x00007ffbe49d4000 	C:\Windows\SYSTEM32\WINMM.dll
0x00007ffbe56c0000 - 0x00007ffbe56ca000 	C:\Windows\SYSTEM32\VERSION.dll
0x00007ffbe4980000 - 0x00007ffbe49ad000 	C:\Windows\SYSTEM32\WINMMBASE.dll
0x00007ffbe7d80000 - 0x00007ffbe7dca000 	C:\Windows\System32\cfgmgr32.dll
0x00007ffbe3180000 - 0x00007ffbe318f000 	C:\Program Files\Java\jdk1.8.0_211\jre\bin\verify.dll
0x00007ffbd4e20000 - 0x00007ffbd4e49000 	C:\Program Files\Java\jdk1.8.0_211\jre\bin\java.dll
0x00007ffbe3160000 - 0x00007ffbe3176000 	C:\Program Files\Java\jdk1.8.0_211\jre\bin\zip.dll

VM Arguments:
jvm_args: -Xmx64m -Xms64m -Dorg.gradle.appname=gradlew 
java_command: org.gradle.wrapper.GradleWrapperMain clean
java_class_path (initial): D:\toDoList\ToDoListClone\android\\gradle\wrapper\gradle-wrapper.jar
Launcher Type: SUN_STANDARD

Environment Variables:
JAVA_HOME=C:\Program Files\Java\jdk1.8.0_211
CLASSPATH=D:\toDoList\ToDoListClone\android\\gradle\wrapper\gradle-wrapper.jar
PATH=C:\Program Files (x86)\Common Files\Oracle\Java\javapath;C:\Windows\system32;C:\Windows;C:\Windows\System32\Wbem;C:\Windows\System32\WindowsPowerShell\v1.0\;C:\Windows\System32\OpenSSH\;C:\Program Files\Java\jdk1.8.0_211\bin;C:\Program Files\Microsoft SQL Server\120\Tools\Binn\;C:\Program Files\Microsoft SQL Server\Client SDK\ODBC\110\Tools\Binn\;C:\Program Files (x86)\Microsoft SQL Server\120\Tools\Binn\;C:\Program Files\Microsoft SQL Server\120\DTS\Binn\;C:\Program Files (x86)\Microsoft SQL Server\120\Tools\Binn\ManagementStudio\;C:\Program Files (x86)\Microsoft SQL Server\120\DTS\Binn\;%ANDROID_HOME%;C:\Program Files (x86)\Yarn\bin\;C:\ProgramData\chocolatey\bin;C:\Program Files\nodejs\;C:\Program Files\Java\jdk1.8.0_211\bin;C:\Program Files\Git\cmd;C:\Program Files\Microsoft SQL Server\130\Tools\Binn\;C:\Program Files (x86)\Windows Kits\8.1\Windows Performance Toolkit\;C:\Program Files\MySQL\MySQL Shell 8.0\bin\;C:\Users\vuong\AppData\Local\Programs\Python\Python38-32\Scripts\;C:\Users\vuong\AppData\Local\Programs\Python\Python38-32\;C:\Users\vuong\AppData\Local\Microsoft\WindowsApps;C:\Users\vuong\AppData\Local\Programs\Microsoft VS Code\bin;C:\Users\vuong\AppData\Local\Android\Sdk\platform-tools;C:\Users\vuong\AppData\Local\Yarn\bin;C:\Users\vuong\AppData\Roaming\npm;C:\Program Files (x86)\Dev-Cpp\MinGW64\bin\g++;;G:\PyCharm 2020.2.3\bin;;C:\Program Files\JetBrains\PyCharm Community Edition 2020.2.4\bin;
USERNAME=vuong
OS=Windows_NT
PROCESSOR_IDENTIFIER=Intel64 Family 6 Model 142 Stepping 9, GenuineIntel



---------------  S Y S T E M  ---------------

OS: Windows 10.0 , 64 bit Build 18362 (10.0.18362.1350)

CPU:total 4 (initial active 4) (2 cores per cpu, 2 threads per core) family 6 model 142 stepping 9, cmov, cx8, fxsr, mmx, sse, sse2, sse3, ssse3, sse4.1, sse4.2, popcnt, avx, avx2, aes, clmul, erms, 3dnowpref, lzcnt, ht, tsc, tscinvbit, bmi1, bmi2, adx

Memory: 4k page, physical 8251412k(499380k free), swap 21051408k(4224k free)

vm_info: Java HotSpot(TM) 64-Bit Server VM (25.211-b12) for windows-amd64 JRE (1.8.0_211-b12), built on Apr  1 2019 20:53:26 by "java_re" with MS VC++ 10.0 (VS2010)

time: Wed Mar 24 10:11:40 2021
timezone: SE Asia Standard Time
elapsed time: 0 seconds (0d 0h 0m 0s)

