#
# There is insufficient memory for the Java Runtime Environment to continue.
# Native memory allocation (malloc) failed to allocate 877696 bytes for Chunk::new
# Possible reasons:
#   The system is out of physical RAM or swap space
#   The process is running with CompressedOops enabled, and the Java Heap may be blocking the growth of the native heap
# Possible solutions:
#   Reduce memory load on the system
#   Increase physical memory or swap space
#   Check if swap backing store is full
#   Decrease Java heap size (-Xmx/-Xms)
#   Decrease number of Java threads
#   Decrease Java thread stack sizes (-Xss)
#   Set larger code cache with -XX:ReservedCodeCacheSize=
#   JVM is running with Unscaled Compressed Oops mode in which the Java heap is
#     placed in the first 4GB address space. The Java Heap base address is the
#     maximum limit for the native heap growth. Please use -XX:HeapBaseMinAddress
#     to set the Java Heap base and to place the Java Heap above 4GB virtual address.
# This output file may be truncated or incomplete.
#
#  Out of Memory Error (allocation.cpp:389), pid=12132, tid=0x000000000000446c
#
# JRE version: Java(TM) SE Runtime Environment (8.0_211-b12) (build 1.8.0_211-b12)
# Java VM: Java HotSpot(TM) 64-Bit Server VM (25.211-b12 mixed mode windows-amd64 compressed oops)
# Failed to write core dump. Minidumps are not enabled by default on client versions of Windows
#

---------------  T H R E A D  ---------------

Current thread (0x0000000014137800):  JavaThread "C2 CompilerThread1" daemon [_thread_in_native, id=17516, stack(0x00000000158b0000,0x00000000159b0000)]

Stack: [0x00000000158b0000,0x00000000159b0000]
[error occurred during error reporting (printing stack bounds), id 0xc0000005]

Native frames: (J=compiled Java code, j=interpreted, Vv=VM code, C=native code)


Current CompileTask:
C2:  12047 3824       4       java.net.URLClassLoader$1::run (5 bytes)


---------------  P R O C E S S  ---------------

Java Threads: ( => current thread )
  0x000000001805e000 JavaThread "Build operations Thread 4" [_thread_in_native, id=17768, stack(0x0000000020500000,0x0000000020600000)]
  0x0000000018063000 JavaThread "Build operations Thread 3" [_thread_blocked, id=14184, stack(0x0000000020400000,0x0000000020500000)]
  0x0000000018062800 JavaThread "Build operations Thread 2" [_thread_blocked, id=6700, stack(0x0000000020300000,0x0000000020400000)]
  0x000000001805b800 JavaThread "Build operations" [_thread_blocked, id=9528, stack(0x0000000020080000,0x0000000020180000)]
  0x0000000018061800 JavaThread "Cache worker for Build Output Cleanup Cache (D:\toDoList\ToDoListClone\android\.gradle\buildOutputCleanup)" [_thread_blocked, id=7316, stack(0x0000000020200000,0x0000000020300000)]
  0x000000001805f800 JavaThread "Cache worker for file content cache (C:\Users\vuong\.gradle\caches\6.7\fileContent)" [_thread_blocked, id=6844, stack(0x000000001f980000,0x000000001fa80000)]
  0x0000000018060000 JavaThread "jar transforms" [_thread_blocked, id=3972, stack(0x000000001dbd0000,0x000000001dcd0000)]
  0x0000000015e21800 JavaThread "Cache worker for execution history cache (C:\Users\vuong\.gradle\caches\6.7\executionHistory)" [_thread_blocked, id=14180, stack(0x000000001ca70000,0x000000001cb70000)]
  0x0000000015e22000 JavaThread "Cache worker for cache directory md-rule (C:\Users\vuong\.gradle\caches\6.7\md-rule)" [_thread_blocked, id=15108, stack(0x000000001c970000,0x000000001ca70000)]
  0x0000000015e20000 JavaThread "Cache worker for cache directory md-supplier (C:\Users\vuong\.gradle\caches\6.7\md-supplier)" [_thread_blocked, id=8360, stack(0x000000001c670000,0x000000001c770000)]
  0x0000000015e1f000 JavaThread "Cache worker for checksums cache (D:\toDoList\ToDoListClone\android\.gradle\checksums)" [_thread_blocked, id=4452, stack(0x000000001c570000,0x000000001c670000)]
  0x0000000015e20800 JavaThread "Cache worker for file hash cache (D:\toDoList\ToDoListClone\android\.gradle\6.7\fileHashes)" [_thread_blocked, id=5020, stack(0x000000001c470000,0x000000001c570000)]
  0x0000000015e25000 JavaThread "Cache worker for journal cache (C:\Users\vuong\.gradle\caches\journal-1)" [_thread_blocked, id=8032, stack(0x000000001a1d0000,0x000000001a2d0000)]
  0x0000000015e23000 JavaThread "File lock request listener" [_thread_in_native, id=3452, stack(0x000000001a0d0000,0x000000001a1d0000)]
  0x0000000015e26000 JavaThread "Cache worker for file hash cache (C:\Users\vuong\.gradle\caches\6.7\fileHashes)" [_thread_blocked, id=13332, stack(0x0000000019ed0000,0x0000000019fd0000)]
  0x0000000017dac800 JavaThread "Thread-9" [_thread_blocked, id=15828, stack(0x0000000019bd0000,0x0000000019cd0000)]
  0x0000000017cca000 JavaThread "Stdin handler" [_thread_blocked, id=5324, stack(0x0000000019ad0000,0x0000000019bd0000)]
  0x0000000017d5d000 JavaThread "Asynchronous log dispatcher for DefaultDaemonConnection: socket connection from /127.0.0.1:53192 to /127.0.0.1:53193" [_thread_blocked, id=3316, stack(0x00000000199d0000,0x0000000019ad0000)]
  0x0000000017ca9800 JavaThread "Daemon worker" [_thread_blocked, id=2644, stack(0x00000000198d0000,0x00000000199d0000)]
  0x0000000017c98000 JavaThread "Cancel handler" [_thread_blocked, id=9828, stack(0x00000000197d0000,0x00000000198d0000)]
  0x0000000017d20000 JavaThread "Handler for socket connection from /127.0.0.1:53192 to /127.0.0.1:53193" [_thread_in_native, id=17332, stack(0x00000000196d0000,0x00000000197d0000)]
  0x0000000017d1f800 JavaThread "Daemon" [_thread_blocked, id=11988, stack(0x00000000193d0000,0x00000000194d0000)]
  0x0000000017c7a000 JavaThread "Daemon periodic checks" [_thread_blocked, id=5216, stack(0x00000000192d0000,0x00000000193d0000)]
  0x0000000017c79000 JavaThread "Incoming local TCP Connector on port 53192" [_thread_in_native, id=16360, stack(0x0000000019090000,0x0000000019190000)]
  0x0000000017ba4800 JavaThread "Daemon health stats" [_thread_blocked, id=2872, stack(0x0000000018850000,0x0000000018950000)]
  0x000000001418e000 JavaThread "Service Thread" daemon [_thread_blocked, id=16068, stack(0x0000000015eb0000,0x0000000015fb0000)]
  0x0000000014156000 JavaThread "C1 CompilerThread2" daemon [_thread_blocked, id=13380, stack(0x00000000159b0000,0x0000000015ab0000)]
=>0x0000000014137800 JavaThread "C2 CompilerThread1" daemon [_thread_in_native, id=17516, stack(0x00000000158b0000,0x00000000159b0000)]
  0x0000000014134000 JavaThread "C2 CompilerThread0" daemon [_thread_blocked, id=14200, stack(0x00000000157b0000,0x00000000158b0000)]
  0x0000000014132000 JavaThread "Attach Listener" daemon [_thread_blocked, id=13048, stack(0x00000000156b0000,0x00000000157b0000)]
  0x0000000014131000 JavaThread "Signal Dispatcher" daemon [_thread_blocked, id=15384, stack(0x00000000155b0000,0x00000000156b0000)]
  0x0000000002d0d800 JavaThread "Finalizer" daemon [_thread_blocked, id=18400, stack(0x00000000153b0000,0x00000000154b0000)]
  0x000000001411a000 JavaThread "Reference Handler" daemon [_thread_blocked, id=7192, stack(0x00000000152b0000,0x00000000153b0000)]
  0x0000000002c12800 JavaThread "main" [_thread_blocked, id=16148, stack(0x0000000002b10000,0x0000000002c10000)]

Other Threads:
  0x00000000140f7800 VMThread [stack: 0x00000000151b0000,0x00000000152b0000] [id=10344]
  0x0000000015b05000 WatcherThread [stack: 0x0000000015fb0000,0x00000000160b0000] [id=72]

VM state:not at safepoint (normal execution)

VM Mutex/Monitor currently owned by a thread: None

heap address: 0x00000000e0000000, size: 512 MB, Compressed Oops mode: 32-bit
Narrow klass base: 0x0000000000000000, Narrow klass shift: 3
Compressed class space size: 1073741824 Address: 0x0000000100000000

Heap:
 PSYoungGen      total 109568K, used 32437K [0x00000000f5580000, 0x00000000ff280000, 0x0000000100000000)
  eden space 96768K, 25% used [0x00000000f5580000,0x00000000f6da84f0,0x00000000fb400000)
  from space 12800K, 60% used [0x00000000fb400000,0x00000000fbb850b0,0x00000000fc080000)
  to   space 12800K, 0% used [0x00000000fe600000,0x00000000fe600000,0x00000000ff280000)
 ParOldGen       total 175104K, used 17613K [0x00000000e0000000, 0x00000000eab00000, 0x00000000f5580000)
  object space 175104K, 10% used [0x00000000e0000000,0x00000000e1133718,0x00000000eab00000)
 Metaspace       used 40464K, capacity 42010K, committed 42112K, reserved 1085440K
  class space    used 5579K, capacity 5921K, committed 6016K, reserved 1048576K

Card table byte_map: [0x00000000120d0000,0x00000000121e0000] byte_map_base: 0x00000000119d0000

Marking Bits: (ParMarkBitMap*) 0x0000000077295ce0
 Begin Bits: [0x0000000012690000, 0x0000000012e90000)
 End Bits:   [0x0000000012e90000, 0x0000000013690000)

Polling page: 0x0000000000d30000

CodeCache: size=245760Kb used=12524Kb max_used=12534Kb free=233236Kb
 bounds [0x0000000002d10000, 0x0000000003960000, 0x0000000011d10000]
 total_blobs=4356 nmethods=3620 adapters=647
 compilation: enabled

Compilation events (10 events):
Event: 12.025 Thread 0x0000000014156000 nmethod 3936 0x000000000394f8d0 code [0x000000000394fa60, 0x000000000394ff88]
Event: 12.043 Thread 0x0000000014156000 3937       3       org.gradle.internal.io.StreamByteBuffer$StreamByteBufferChunk::<init> (17 bytes)
Event: 12.043 Thread 0x0000000014134000 3941       4       com.google.common.io.CountingOutputStream::write (19 bytes)
Event: 12.043 Thread 0x0000000014156000 nmethod 3937 0x00000000039535d0 code [0x0000000003953740, 0x0000000003953990]
Event: 12.043 Thread 0x0000000014156000 3938       3       org.gradle.internal.io.StreamByteBuffer$StreamByteBufferOutputStream::<init> (10 bytes)
Event: 12.043 Thread 0x0000000014156000 nmethod 3938 0x0000000003953a50 code [0x0000000003953bc0, 0x0000000003953df0]
Event: 12.044 Thread 0x0000000014156000 3939       3       org.gradle.internal.io.StreamByteBuffer$StreamByteBufferInputStream::<init> (10 bytes)
Event: 12.044 Thread 0x0000000014156000 nmethod 3939 0x0000000003953ed0 code [0x0000000003954040, 0x0000000003954270]
Event: 12.044 Thread 0x0000000014156000 3940       3       org.gradle.internal.io.StreamByteBuffer$StreamByteBufferChunk::spaceLeft (10 bytes)
Event: 12.044 Thread 0x0000000014156000 nmethod 3940 0x0000000003954350 code [0x00000000039544a0, 0x00000000039545f0]

GC Heap History (10 events):
Event: 5.983 GC heap before
{Heap before GC invocations=5 (full 1):
 PSYoungGen      total 76288K, used 8110K [0x00000000f5580000, 0x00000000fea80000, 0x0000000100000000)
  eden space 65536K, 0% used [0x00000000f5580000,0x00000000f5580000,0x00000000f9580000)
  from space 10752K, 75% used [0x00000000fa000000,0x00000000fa7eb9c8,0x00000000faa80000)
  to   space 10752K, 0% used [0x00000000f9580000,0x00000000f9580000,0x00000000fa000000)
 ParOldGen       total 175104K, used 615K [0x00000000e0000000, 0x00000000eab00000, 0x00000000f5580000)
  object space 175104K, 0% used [0x00000000e0000000,0x00000000e0099f90,0x00000000eab00000)
 Metaspace       used 20502K, capacity 21102K, committed 21296K, reserved 1067008K
  class space    used 3010K, capacity 3171K, committed 3200K, reserved 1048576K
Event: 6.064 GC heap after
Heap after GC invocations=5 (full 1):
 PSYoungGen      total 76288K, used 0K [0x00000000f5580000, 0x00000000fea80000, 0x0000000100000000)
  eden space 65536K, 0% used [0x00000000f5580000,0x00000000f5580000,0x00000000f9580000)
  from space 10752K, 0% used [0x00000000fa000000,0x00000000fa000000,0x00000000faa80000)
  to   space 10752K, 0% used [0x00000000f9580000,0x00000000f9580000,0x00000000fa000000)
 ParOldGen       total 175104K, used 7984K [0x00000000e0000000, 0x00000000eab00000, 0x00000000f5580000)
  object space 175104K, 4% used [0x00000000e0000000,0x00000000e07cc368,0x00000000eab00000)
 Metaspace       used 20502K, capacity 21102K, committed 21296K, reserved 1067008K
  class space    used 3010K, capacity 3171K, committed 3200K, reserved 1048576K
}
Event: 7.395 GC heap before
{Heap before GC invocations=6 (full 1):
 PSYoungGen      total 76288K, used 65536K [0x00000000f5580000, 0x00000000fea80000, 0x0000000100000000)
  eden space 65536K, 100% used [0x00000000f5580000,0x00000000f9580000,0x00000000f9580000)
  from space 10752K, 0% used [0x00000000fa000000,0x00000000fa000000,0x00000000faa80000)
  to   space 10752K, 0% used [0x00000000f9580000,0x00000000f9580000,0x00000000fa000000)
 ParOldGen       total 175104K, used 7984K [0x00000000e0000000, 0x00000000eab00000, 0x00000000f5580000)
  object space 175104K, 4% used [0x00000000e0000000,0x00000000e07cc368,0x00000000eab00000)
 Metaspace       used 28827K, capacity 29588K, committed 29696K, reserved 1075200K
  class space    used 4107K, capacity 4314K, committed 4352K, reserved 1048576K
Event: 7.404 GC heap after
Heap after GC invocations=6 (full 1):
 PSYoungGen      total 76288K, used 8263K [0x00000000f5580000, 0x00000000fcd80000, 0x0000000100000000)
  eden space 65536K, 0% used [0x00000000f5580000,0x00000000f5580000,0x00000000f9580000)
  from space 10752K, 76% used [0x00000000f9580000,0x00000000f9d91c08,0x00000000fa000000)
  to   space 11776K, 0% used [0x00000000fc200000,0x00000000fc200000,0x00000000fcd80000)
 ParOldGen       total 175104K, used 7992K [0x00000000e0000000, 0x00000000eab00000, 0x00000000f5580000)
  object space 175104K, 4% used [0x00000000e0000000,0x00000000e07ce368,0x00000000eab00000)
 Metaspace       used 28827K, capacity 29588K, committed 29696K, reserved 1075200K
  class space    used 4107K, capacity 4314K, committed 4352K, reserved 1048576K
}
Event: 10.199 GC heap before
{Heap before GC invocations=7 (full 1):
 PSYoungGen      total 76288K, used 73508K [0x00000000f5580000, 0x00000000fcd80000, 0x0000000100000000)
  eden space 65536K, 99% used [0x00000000f5580000,0x00000000f95375e8,0x00000000f9580000)
  from space 10752K, 76% used [0x00000000f9580000,0x00000000f9d91c08,0x00000000fa000000)
  to   space 11776K, 0% used [0x00000000fc200000,0x00000000fc200000,0x00000000fcd80000)
 ParOldGen       total 175104K, used 7992K [0x00000000e0000000, 0x00000000eab00000, 0x00000000f5580000)
  object space 175104K, 4% used [0x00000000e0000000,0x00000000e07ce368,0x00000000eab00000)
 Metaspace       used 34412K, capacity 35416K, committed 35456K, reserved 1079296K
  class space    used 4710K, capacity 4976K, committed 4992K, reserved 1048576K
Event: 10.215 GC heap after
Heap after GC invocations=7 (full 1):
 PSYoungGen      total 107520K, used 11082K [0x00000000f5580000, 0x00000000fcd00000, 0x0000000100000000)
  eden space 96256K, 0% used [0x00000000f5580000,0x00000000f5580000,0x00000000fb380000)
  from space 11264K, 98% used [0x00000000fc200000,0x00000000fccd2b78,0x00000000fcd00000)
  to   space 12800K, 0% used [0x00000000fb400000,0x00000000fb400000,0x00000000fc080000)
 ParOldGen       total 175104K, used 8000K [0x00000000e0000000, 0x00000000eab00000, 0x00000000f5580000)
  object space 175104K, 4% used [0x00000000e0000000,0x00000000e07d0368,0x00000000eab00000)
 Metaspace       used 34412K, capacity 35416K, committed 35456K, reserved 1079296K
  class space    used 4710K, capacity 4976K, committed 4992K, reserved 1048576K
}
Event: 10.215 GC heap before
{Heap before GC invocations=8 (full 2):
 PSYoungGen      total 107520K, used 11082K [0x00000000f5580000, 0x00000000fcd00000, 0x0000000100000000)
  eden space 96256K, 0% used [0x00000000f5580000,0x00000000f5580000,0x00000000fb380000)
  from space 11264K, 98% used [0x00000000fc200000,0x00000000fccd2b78,0x00000000fcd00000)
  to   space 12800K, 0% used [0x00000000fb400000,0x00000000fb400000,0x00000000fc080000)
 ParOldGen       total 175104K, used 8000K [0x00000000e0000000, 0x00000000eab00000, 0x00000000f5580000)
  object space 175104K, 4% used [0x00000000e0000000,0x00000000e07d0368,0x00000000eab00000)
 Metaspace       used 34412K, capacity 35416K, committed 35456K, reserved 1079296K
  class space    used 4710K, capacity 4976K, committed 4992K, reserved 1048576K
Event: 10.296 GC heap after
Heap after GC invocations=8 (full 2):
 PSYoungGen      total 107520K, used 0K [0x00000000f5580000, 0x00000000fcd00000, 0x0000000100000000)
  eden space 96256K, 0% used [0x00000000f5580000,0x00000000f5580000,0x00000000fb380000)
  from space 11264K, 0% used [0x00000000fc200000,0x00000000fc200000,0x00000000fcd00000)
  to   space 12800K, 0% used [0x00000000fb400000,0x00000000fb400000,0x00000000fc080000)
 ParOldGen       total 175104K, used 17605K [0x00000000e0000000, 0x00000000eab00000, 0x00000000f5580000)
  object space 175104K, 10% used [0x00000000e0000000,0x00000000e1131718,0x00000000eab00000)
 Metaspace       used 34408K, capacity 35410K, committed 35456K, reserved 1079296K
  class space    used 4709K, capacity 4974K, committed 4992K, reserved 1048576K
}
Event: 11.512 GC heap before
{Heap before GC invocations=9 (full 2):
 PSYoungGen      total 107520K, used 96256K [0x00000000f5580000, 0x00000000fcd00000, 0x0000000100000000)
  eden space 96256K, 100% used [0x00000000f5580000,0x00000000fb380000,0x00000000fb380000)
  from space 11264K, 0% used [0x00000000fc200000,0x00000000fc200000,0x00000000fcd00000)
  to   space 12800K, 0% used [0x00000000fb400000,0x00000000fb400000,0x00000000fc080000)
 ParOldGen       total 175104K, used 17605K [0x00000000e0000000, 0x00000000eab00000, 0x00000000f5580000)
  object space 175104K, 10% used [0x00000000e0000000,0x00000000e1131718,0x00000000eab00000)
 Metaspace       used 39452K, capacity 40808K, committed 40960K, reserved 1085440K
  class space    used 5437K, capacity 5792K, committed 5888K, reserved 1048576K
Event: 11.523 GC heap after
Heap after GC invocations=9 (full 2):
 PSYoungGen      total 109568K, used 7700K [0x00000000f5580000, 0x00000000ff280000, 0x0000000100000000)
  eden space 96768K, 0% used [0x00000000f5580000,0x00000000f5580000,0x00000000fb400000)
  from space 12800K, 60% used [0x00000000fb400000,0x00000000fbb850b0,0x00000000fc080000)
  to   space 12800K, 0% used [0x00000000fe600000,0x00000000fe600000,0x00000000ff280000)
 ParOldGen       total 175104K, used 17613K [0x00000000e0000000, 0x00000000eab00000, 0x00000000f5580000)
  object space 175104K, 10% used [0x00000000e0000000,0x00000000e1133718,0x00000000eab00000)
 Metaspace       used 39452K, capacity 40808K, committed 40960K, reserved 1085440K
  class space    used 5437K, capacity 5792K, committed 5888K, reserved 1048576K
}

Deoptimization events (10 events):
Event: 10.522 Thread 0x0000000017ca9800 Uncommon trap: reason=unstable_if action=reinterpret pc=0x0000000002f6f4b0 method=java.util.HashMap.hash(Ljava/lang/Object;)I @ 1
Event: 10.522 Thread 0x0000000017ca9800 Uncommon trap: reason=unstable_if action=reinterpret pc=0x0000000003623790 method=java.util.HashMap.putVal(ILjava/lang/Object;Ljava/lang/Object;ZZ)Ljava/lang/Object; @ 85
Event: 10.528 Thread 0x0000000017ca9800 Uncommon trap: reason=unstable_if action=reinterpret pc=0x0000000003772de4 method=org.gradle.internal.reflect.PropertyAccessorType.isGetGetterName(Ljava/lang/String;)Z @ 14
Event: 11.023 Thread 0x0000000017ca9800 Uncommon trap: reason=unstable_if action=reinterpret pc=0x00000000035786e0 method=java.net.URI.match(CJJ)Z @ 45
Event: 11.531 Thread 0x0000000017ca9800 Uncommon trap: reason=unstable_if action=reinterpret pc=0x0000000003034650 method=java.util.regex.Pattern.has(I)Z @ 6
Event: 11.927 Thread 0x000000001805e000 Uncommon trap: reason=class_check action=maybe_recompile pc=0x000000000312cc68 method=java.util.concurrent.ConcurrentHashMap.putVal(Ljava/lang/Object;Ljava/lang/Object;Z)Ljava/lang/Object; @ 192
Event: 11.927 Thread 0x000000001805b800 Uncommon trap: reason=class_check action=maybe_recompile pc=0x000000000312cc68 method=java.util.concurrent.ConcurrentHashMap.putVal(Ljava/lang/Object;Ljava/lang/Object;Z)Ljava/lang/Object; @ 192
Event: 11.929 Thread 0x0000000018062800 Uncommon trap: reason=class_check action=maybe_recompile pc=0x000000000312cc68 method=java.util.concurrent.ConcurrentHashMap.putVal(Ljava/lang/Object;Ljava/lang/Object;Z)Ljava/lang/Object; @ 192
Event: 11.929 Thread 0x000000001805e000 Uncommon trap: reason=class_check action=maybe_recompile pc=0x000000000312cc68 method=java.util.concurrent.ConcurrentHashMap.putVal(Ljava/lang/Object;Ljava/lang/Object;Z)Ljava/lang/Object; @ 192
Event: 11.933 Thread 0x000000001805b800 Uncommon trap: reason=unstable_if action=reinterpret pc=0x000000000373e450 method=java.util.regex.Pattern.has(I)Z @ 6

Classes redefined (0 events):
No events

Internal exceptions (10 events):
Event: 10.999 Thread 0x0000000017ca9800 Exception <a 'java/lang/ClassNotFoundException': org/gradle/api/internal/artifacts/dsl/dependencies/DefaultDependencyHandler_DecoratedBeanInfo> (0x00000000f90c9768) thrown at [C:\re\workspace\8-2-build-windows-amd64-cygwin\jdk8u211\12973\hotspot\src\share
Event: 11.000 Thread 0x0000000017ca9800 Exception <a 'java/lang/ClassNotFoundException': org/gradle/api/internal/artifacts/dsl/dependencies/DefaultDependencyHandlerBeanInfo> (0x00000000f9126480) thrown at [C:\re\workspace\8-2-build-windows-amd64-cygwin\jdk8u211\12973\hotspot\src\share\vm\classf
Event: 11.001 Thread 0x0000000017ca9800 Exception <a 'java/lang/ClassNotFoundException': org/gradle/api/internal/artifacts/dsl/dependencies/DefaultDependencyHandlerCustomizer> (0x00000000f9184470) thrown at [C:\re\workspace\8-2-build-windows-amd64-cygwin\jdk8u211\12973\hotspot\src\share\vm\clas
Event: 11.002 Thread 0x0000000017ca9800 Exception <a 'java/lang/ClassNotFoundException': org/gradle/api/internal/artifacts/dsl/dependencies/DefaultDependencyHandler_DecoratedCustomizer> (0x00000000f92136a0) thrown at [C:\re\workspace\8-2-build-windows-amd64-cygwin\jdk8u211\12973\hotspot\src\sha
Event: 11.076 Thread 0x0000000017ca9800 Exception <a 'java/lang/NoSuchMethodError': java.lang.Object.lambda$static$0(Lorg/gradle/api/internal/artifacts/configurations/MutationValidator$MutationType;)V> (0x00000000f98f9438) thrown at [C:\re\workspace\8-2-build-windows-amd64-cygwin\jdk8u211\12973
Event: 11.221 Thread 0x0000000017ca9800 Exception <a 'java/lang/NoSuchMethodError': java.lang.Object.lambda$static$0(Lorg/gradle/internal/component/model/DependencyMetadata;)Lorg/gradle/api/internal/artifacts/ivyservice/dependencysubstitution/DependencySubstitutionApplicator$SubstitutionResult;
Event: 11.419 Thread 0x0000000017ca9800 Exception <a 'java/lang/IncompatibleClassChangeError': Found class java.lang.Object, but interface was expected> (0x00000000fac31520) thrown at [C:\re\workspace\8-2-build-windows-amd64-cygwin\jdk8u211\12973\hotspot\src\share\vm\interpreter\linkResolver.cp
Event: 11.420 Thread 0x0000000017ca9800 Exception <a 'java/lang/NoSuchMethodError': java.lang.Object.lambda$thenComparing$36697e65$1(Ljava/util/Comparator;Ljava/lang/Object;Ljava/lang/Object;)I> (0x00000000fac3cec8) thrown at [C:\re\workspace\8-2-build-windows-amd64-cygwin\jdk8u211\12973\hotspo
Event: 11.565 Thread 0x0000000017ca9800 Exception <a 'java/lang/NoSuchMethodError': java.lang.Object.lambda$static$0()Z> (0x00000000f5964850) thrown at [C:\re\workspace\8-2-build-windows-amd64-cygwin\jdk8u211\12973\hotspot\src\share\vm\interpreter\linkResolver.cpp, line 620]
Event: 11.910 Thread 0x0000000017ca9800 Exception <a 'java/lang/NoSuchMethodError': java.lang.Object.lambda$static$0(Lorg/gradle/api/internal/artifacts/ivyservice/resolveengine/artifact/ArtifactVisitor;)V> (0x00000000f66f2f28) thrown at [C:\re\workspace\8-2-build-windows-amd64-cygwin\jdk8u211\1

Events (10 events):
Event: 11.937 Executing VM operation: RevokeBias
Event: 11.937 Executing VM operation: RevokeBias done
Event: 11.938 Executing VM operation: RevokeBias
Event: 11.938 Executing VM operation: RevokeBias done
Event: 11.938 loading class org/gradle/api/internal/artifacts/DownloadArtifactBuildOperationType$Result
Event: 11.938 loading class org/gradle/api/internal/artifacts/DownloadArtifactBuildOperationType$Result done
Event: 11.938 loading class org/gradle/cache/internal/btree/BTreePersistentIndexedCache$DataBlockUpdateResult
Event: 11.938 loading class org/gradle/cache/internal/btree/BTreePersistentIndexedCache$DataBlockUpdateResult done
Event: 11.939 loading class org/gradle/api/internal/artifacts/DownloadArtifactBuildOperationType$1
Event: 11.939 loading class org/gradle/api/internal/artifacts/DownloadArtifactBuildOperationType$1 done


Dynamic libraries:
0x00007ff630440000 - 0x00007ff630477000 	C:\Program Files\Java\jdk1.8.0_211\bin\java.exe
0x00007ffbe9d20000 - 0x00007ffbe9f10000 	C:\Windows\SYSTEM32\ntdll.dll
0x00007ffbe89c0000 - 0x00007ffbe8a72000 	C:\Windows\System32\KERNEL32.DLL
0x00007ffbe6fc0000 - 0x00007ffbe7265000 	C:\Windows\System32\KERNELBASE.dll
0x00007ffbe9a10000 - 0x00007ffbe9ab3000 	C:\Windows\System32\ADVAPI32.dll
0x00007ffbe9190000 - 0x00007ffbe922e000 	C:\Windows\System32\msvcrt.dll
0x00007ffbe8510000 - 0x00007ffbe85a7000 	C:\Windows\System32\sechost.dll
0x00007ffbe85b0000 - 0x00007ffbe86cf000 	C:\Windows\System32\RPCRT4.dll
0x00007ffbe8ff0000 - 0x00007ffbe9184000 	C:\Windows\System32\USER32.dll
0x00007ffbe6f90000 - 0x00007ffbe6fb1000 	C:\Windows\System32\win32u.dll
0x00007ffbe9b30000 - 0x00007ffbe9b56000 	C:\Windows\System32\GDI32.dll
0x00007ffbe7b80000 - 0x00007ffbe7d18000 	C:\Windows\System32\gdi32full.dll
0x00007ffbe6ef0000 - 0x00007ffbe6f8e000 	C:\Windows\System32\msvcp_win.dll
0x00007ffbe6c90000 - 0x00007ffbe6d8a000 	C:\Windows\System32\ucrtbase.dll
0x00007ffbd3970000 - 0x00007ffbd3bf4000 	C:\Windows\WinSxS\amd64_microsoft.windows.common-controls_6595b64144ccf1df_6.0.18362.1440_none_9e7dbfb9e45e8e67\COMCTL32.dll
0x00007ffbe81d0000 - 0x00007ffbe8506000 	C:\Windows\System32\combase.dll
0x00007ffbe6d90000 - 0x00007ffbe6e11000 	C:\Windows\System32\bcryptPrimitives.dll
0x00007ffbe9b70000 - 0x00007ffbe9b9e000 	C:\Windows\System32\IMM32.DLL
0x0000000050910000 - 0x00000000509e2000 	C:\Program Files\Java\jdk1.8.0_211\jre\bin\msvcr100.dll
0x0000000076a70000 - 0x0000000077315000 	C:\Program Files\Java\jdk1.8.0_211\jre\bin\server\jvm.dll
0x00007ffbe9920000 - 0x00007ffbe9928000 	C:\Windows\System32\PSAPI.DLL
0x00007ffbcfdf0000 - 0x00007ffbcfdf9000 	C:\Windows\SYSTEM32\WSOCK32.dll
0x00007ffbe56c0000 - 0x00007ffbe56ca000 	C:\Windows\SYSTEM32\VERSION.dll
0x00007ffbe9ac0000 - 0x00007ffbe9b2f000 	C:\Windows\System32\WS2_32.dll
0x00007ffbe49b0000 - 0x00007ffbe49d4000 	C:\Windows\SYSTEM32\WINMM.dll
0x00007ffbe4980000 - 0x00007ffbe49ad000 	C:\Windows\SYSTEM32\WINMMBASE.dll
0x00007ffbe7d80000 - 0x00007ffbe7dca000 	C:\Windows\System32\cfgmgr32.dll
0x00007ffbde720000 - 0x00007ffbde72f000 	C:\Program Files\Java\jdk1.8.0_211\jre\bin\verify.dll
0x00007ffbd6110000 - 0x00007ffbd6139000 	C:\Program Files\Java\jdk1.8.0_211\jre\bin\java.dll
0x00007ffbd0d60000 - 0x00007ffbd0d76000 	C:\Program Files\Java\jdk1.8.0_211\jre\bin\zip.dll
0x00007ffbe9230000 - 0x00007ffbe9918000 	C:\Windows\System32\SHELL32.dll
0x00007ffbe7e40000 - 0x00007ffbe7ee7000 	C:\Windows\System32\shcore.dll
0x00007ffbe72a0000 - 0x00007ffbe7a1b000 	C:\Windows\System32\windows.storage.dll
0x00007ffbe6c70000 - 0x00007ffbe6c8e000 	C:\Windows\System32\profapi.dll
0x00007ffbe6c00000 - 0x00007ffbe6c4a000 	C:\Windows\System32\powrprof.dll
0x00007ffbe6bd0000 - 0x00007ffbe6be0000 	C:\Windows\System32\UMPDC.dll
0x00007ffbe99b0000 - 0x00007ffbe9a02000 	C:\Windows\System32\shlwapi.dll
0x00007ffbe6be0000 - 0x00007ffbe6bf1000 	C:\Windows\System32\kernel.appcore.dll
0x00007ffbe6ed0000 - 0x00007ffbe6ee7000 	C:\Windows\System32\cryptsp.dll
0x00007ffbd0d40000 - 0x00007ffbd0d5a000 	C:\Program Files\Java\jdk1.8.0_211\jre\bin\net.dll
0x00007ffbd5270000 - 0x00007ffbd5447000 	C:\Windows\SYSTEM32\urlmon.dll
0x00007ffbd5570000 - 0x00007ffbd5817000 	C:\Windows\SYSTEM32\iertutil.dll
0x00007ffbe65e0000 - 0x00007ffbe65ec000 	C:\Windows\SYSTEM32\CRYPTBASE.DLL
0x00007ffbe6410000 - 0x00007ffbe6477000 	C:\Windows\system32\mswsock.dll
0x00007ffbd0d20000 - 0x00007ffbd0d32000 	C:\Program Files\Java\jdk1.8.0_211\jre\bin\nio.dll
0x00007ffbd0c70000 - 0x00007ffbd0c96000 	C:\Users\vuong\.gradle\native\fdc75f09e3144964f2cf3f50f0aa648679c211496f362492102eb8c894070792\windows-amd64\native-platform.dll
0x00007ffb9f470000 - 0x00007ffb9f601000 	C:\Users\vuong\.gradle\native\12488b8bf47d2d4c9fbf2f6322a914ad602e24e48041cd04a747c6da556b65c4\windows-amd64\native-platform-file-events.dll
0x00007ffbd6100000 - 0x00007ffbd610d000 	C:\Program Files\Java\jdk1.8.0_211\jre\bin\management.dll
0x00007ffbe5f90000 - 0x00007ffbe5fc3000 	C:\Windows\system32\rsaenh.dll
0x00007ffbe7270000 - 0x00007ffbe7296000 	C:\Windows\System32\bcrypt.dll
0x00007ffbe6ab0000 - 0x00007ffbe6ad5000 	C:\Windows\SYSTEM32\USERENV.dll
0x00007ffbe6120000 - 0x00007ffbe615a000 	C:\Windows\SYSTEM32\IPHLPAPI.DLL
0x00007ffbe9b60000 - 0x00007ffbe9b68000 	C:\Windows\System32\NSI.dll
0x00007ffbd8640000 - 0x00007ffbd8656000 	C:\Windows\SYSTEM32\dhcpcsvc6.DLL
0x00007ffbd8620000 - 0x00007ffbd863c000 	C:\Windows\SYSTEM32\dhcpcsvc.DLL
0x00007ffbe6160000 - 0x00007ffbe622b000 	C:\Windows\SYSTEM32\DNSAPI.dll
0x00007ffbdbab0000 - 0x00007ffbdbabb000 	C:\Windows\SYSTEM32\WINNSI.DLL

VM Arguments:
jvm_args: -XX:MaxMetaspaceSize=256m -XX:+HeapDumpOnOutOfMemoryError -Xms256m -Xmx512m -Dfile.encoding=windows-1252 -Duser.country=US -Duser.language=en -Duser.variant 
java_command: org.gradle.launcher.daemon.bootstrap.GradleDaemon 6.7
java_class_path (initial): C:\Users\vuong\.gradle\wrapper\dists\gradle-6.7-all\cuy9mc7upwgwgeb72wkcrupxe\gradle-6.7\lib\gradle-launcher-6.7.jar
Launcher Type: SUN_STANDARD

Environment Variables:
JAVA_HOME=C:\Program Files\Java\jdk1.8.0_211
CLASSPATH=D:\toDoList\ToDoListClone\android\\gradle\wrapper\gradle-wrapper.jar
PATH=D:\toDoList\ToDoListClone\android\node_modules\.bin;D:\toDoList\ToDoListClone\node_modules\.bin;D:\toDoList\node_modules\.bin;D:\node_modules\.bin;C:\Program Files\nodejs;D:\toDoList\ToDoListClone\node_modules\.bin;C:\Program Files (x86)\Common Files\Oracle\Java\javapath;C:\Windows\system32;C:\Windows;C:\Windows\System32\Wbem;C:\Windows\System32\WindowsPowerShell\v1.0\;C:\Windows\System32\OpenSSH\;C:\Program Files\Java\jdk1.8.0_211\bin;C:\Program Files\Microsoft SQL Server\120\Tools\Binn\;C:\Program Files\Microsoft SQL Server\Client SDK\ODBC\110\Tools\Binn\;C:\Program Files (x86)\Microsoft SQL Server\120\Tools\Binn\;C:\Program Files\Microsoft SQL Server\120\DTS\Binn\;C:\Program Files (x86)\Microsoft SQL Server\120\Tools\Binn\ManagementStudio\;C:\Program Files (x86)\Microsoft SQL Server\120\DTS\Binn\;%ANDROID_HOME%;C:\Program Files (x86)\Yarn\bin\;C:\ProgramData\chocolatey\bin;C:\Program Files\nodejs\;C:\Program Files\Java\jdk1.8.0_211\bin;C:\Program Files\Git\cmd;C:\Program Files\Microsoft SQL Server\130\Tools\Binn\;C:\Program Files (x86)\Windows Kits\8.1\Windows Performance Toolkit\;C:\Program Files\MySQL\MySQL Shell 8.0\bin\;C:\Users\vuong\AppData\Local\Programs\Python\Python38-32\Scripts\;C:\Users\vuong\AppData\Local\Programs\Python\Python38-32\;C:\Users\vuong\AppData\Local\Microsoft\WindowsApps;C:\Users\vuong\AppData\Local\Programs\Microsoft VS Code\bin;C:\Users\vuong\AppData\Local\Android\Sdk\platform-tools;C:\Users\vuong\AppData\Local\Yarn\bin;C:\Users\vuong\AppData\Roaming\npm;C:\Program Files (x86)\Dev-Cpp\MinGW64\bin\g++;;G:\PyCharm 2020.2.3\bin;;C:\Program Files\JetBrains\PyCharm Community Edition 2020.2.4\bin;
USERNAME=vuong
OS=Windows_NT
PROCESSOR_IDENTIFIER=Intel64 Family 6 Model 142 Stepping 9, GenuineIntel



---------------  S Y S T E M  ---------------

OS: Windows 10.0 , 64 bit Build 18362 (10.0.18362.1350)

CPU:total 4 (initial active 4) (2 cores per cpu, 2 threads per core) family 6 model 142 stepping 9, cmov, cx8, fxsr, mmx, sse, sse2, sse3, ssse3, sse4.1, sse4.2, popcnt, avx, avx2, aes, clmul, erms, 3dnowpref, lzcnt, ht, tsc, tscinvbit, bmi1, bmi2, adx

Memory: 4k page, physical 8251412k(454468k free), swap 21051408k(5660k free)

vm_info: Java HotSpot(TM) 64-Bit Server VM (25.211-b12) for windows-amd64 JRE (1.8.0_211-b12), built on Apr  1 2019 20:53:26 by "java_re" with MS VC++ 10.0 (VS2010)

time: Tue Mar 23 11:20:55 2021
timezone: SE Asia Standard Time
elapsed time: 12 seconds (0d 0h 0m 12s)

