#
# There is insufficient memory for the Java Runtime Environment to continue.
# Native memory allocation (malloc) failed to allocate 73536 bytes for Chunk::new
# Possible reasons:
#   The system is out of physical RAM or swap space
#   The process is running with CompressedOops enabled, and the Java Heap may be blocking the growth of the native heap
# Possible solutions:
#   Reduce memory load on the system
#   Increase physical memory or swap space
#   Check if swap backing store is full
#   Decrease Java heap size (-Xmx/-Xms)
#   Decrease number of Java threads
#   Decrease Java thread stack sizes (-Xss)
#   Set larger code cache with -XX:ReservedCodeCacheSize=
#   JVM is running with Unscaled Compressed Oops mode in which the Java heap is
#     placed in the first 4GB address space. The Java Heap base address is the
#     maximum limit for the native heap growth. Please use -XX:HeapBaseMinAddress
#     to set the Java Heap base and to place the Java Heap above 4GB virtual address.
# This output file may be truncated or incomplete.
#
#  Out of Memory Error (allocation.cpp:389), pid=2904, tid=0x0000000000003d2c
#
# JRE version: Java(TM) SE Runtime Environment (8.0_211-b12) (build 1.8.0_211-b12)
# Java VM: Java HotSpot(TM) 64-Bit Server VM (25.211-b12 mixed mode windows-amd64 compressed oops)
# Failed to write core dump. Minidumps are not enabled by default on client versions of Windows
#

---------------  T H R E A D  ---------------

Current thread (0x0000000012b65000):  JavaThread "C2 CompilerThread1" daemon [_thread_in_native, id=15660, stack(0x00000000143e0000,0x00000000144e0000)]

Stack: [0x00000000143e0000,0x00000000144e0000]
[error occurred during error reporting (printing stack bounds), id 0xc0000005]

Native frames: (J=compiled Java code, j=interpreted, Vv=VM code, C=native code)


Current CompileTask:
C2:  13213 1130       4       java.net.URI$Parser::scan (50 bytes)


---------------  P R O C E S S  ---------------

Java Threads: ( => current thread )
  0x00000000153d9800 JavaThread "pool-1-thread-1" [_thread_in_native, id=18524, stack(0x00000000163b0000,0x00000000164b0000)]
  0x0000000014602000 JavaThread "Service Thread" daemon [_thread_blocked, id=2652, stack(0x00000000149e0000,0x0000000014ae0000)]
  0x0000000012ba3800 JavaThread "C1 CompilerThread2" daemon [_thread_blocked, id=15092, stack(0x00000000144e0000,0x00000000145e0000)]
=>0x0000000012b65000 JavaThread "C2 CompilerThread1" daemon [_thread_in_native, id=15660, stack(0x00000000143e0000,0x00000000144e0000)]
  0x0000000012b61000 JavaThread "C2 CompilerThread0" daemon [_thread_blocked, id=15876, stack(0x00000000142e0000,0x00000000143e0000)]
  0x0000000012b5e800 JavaThread "Attach Listener" daemon [_thread_blocked, id=17180, stack(0x00000000141e0000,0x00000000142e0000)]
  0x0000000012b5d800 JavaThread "Signal Dispatcher" daemon [_thread_blocked, id=12636, stack(0x00000000140e0000,0x00000000141e0000)]
  0x000000000271b800 JavaThread "Finalizer" daemon [_thread_blocked, id=2852, stack(0x0000000013de0000,0x0000000013ee0000)]
  0x0000000002713000 JavaThread "Reference Handler" daemon [_thread_blocked, id=7860, stack(0x0000000013ce0000,0x0000000013de0000)]
  0x0000000002622800 JavaThread "main" [_thread_in_native, id=5180, stack(0x00000000024e0000,0x00000000025e0000)]

Other Threads:
  0x0000000012b27000 VMThread [stack: 0x0000000013be0000,0x0000000013ce0000] [id=124]
  0x0000000014609000 WatcherThread [stack: 0x0000000014ae0000,0x0000000014be0000] [id=3088]

VM state:not at safepoint (normal execution)

VM Mutex/Monitor currently owned by a thread: None

heap address: 0x00000000fc000000, size: 64 MB, Compressed Oops mode: 32-bit
Narrow klass base: 0x0000000000000000, Narrow klass shift: 3
Compressed class space size: 1073741824 Address: 0x0000000100000000

Heap:
 PSYoungGen      total 18944K, used 6540K [0x00000000feb00000, 0x0000000100000000, 0x0000000100000000)
  eden space 16384K, 24% used [0x00000000feb00000,0x00000000feee7220,0x00000000ffb00000)
  from space 2560K, 99% used [0x00000000ffb00000,0x00000000ffd7c010,0x00000000ffd80000)
  to   space 2560K, 0% used [0x00000000ffd80000,0x00000000ffd80000,0x0000000100000000)
 ParOldGen       total 44032K, used 3668K [0x00000000fc000000, 0x00000000feb00000, 0x00000000feb00000)
  object space 44032K, 8% used [0x00000000fc000000,0x00000000fc395000,0x00000000feb00000)
 Metaspace       used 12177K, capacity 12434K, committed 12800K, reserved 1060864K
  class space    used 1606K, capacity 1699K, committed 1792K, reserved 1048576K

Card table byte_map: [0x0000000002720000,0x0000000002750000] byte_map_base: 0x0000000001f40000

Marking Bits: (ParMarkBitMap*) 0x0000000077295ce0
 Begin Bits: [0x0000000011fc0000, 0x00000000120c0000)
 End Bits:   [0x00000000120c0000, 0x00000000121c0000)

Polling page: 0x0000000000d20000

CodeCache: size=245760Kb used=4136Kb max_used=4145Kb free=241623Kb
 bounds [0x0000000002800000, 0x0000000002c20000, 0x0000000011800000]
 total_blobs=1526 nmethods=1149 adapters=290
 compilation: enabled

Compilation events (10 events):
Event: 13.167 Thread 0x0000000012ba3800 1124       3       java.net.URL::isValidProtocol (78 bytes)
Event: 13.168 Thread 0x0000000012ba3800 nmethod 1124 0x0000000002beb010 code [0x0000000002beb260, 0x0000000002bebfb8]
Event: 13.168 Thread 0x0000000012ba3800 1125       3       org.gradle.internal.Cast::uncheckedNonnullCast (2 bytes)
Event: 13.168 Thread 0x0000000012ba3800 nmethod 1125 0x0000000002bed610 code [0x0000000002bed760, 0x0000000002bed890]
Event: 13.168 Thread 0x0000000012ba3800 1126       3       sun.net.www.protocol.file.Handler::parseURL (18 bytes)
Event: 13.168 Thread 0x0000000012ba3800 nmethod 1126 0x0000000002bed110 code [0x0000000002bed280, 0x0000000002bed4f8]
Event: 13.168 Thread 0x0000000012ba3800 1127       3       java.net.URLStreamHandler::parseURL (1193 bytes)
Event: 13.171 Thread 0x0000000012b65000 nmethod 1117% 0x0000000002bf1290 code [0x0000000002bf1400, 0x0000000002bf18d8]
Event: 13.172 Thread 0x0000000012b65000 1130       4       java.net.URI$Parser::scan (50 bytes)
Event: 13.173 Thread 0x0000000012b61000 nmethod 1123 0x0000000002bef0d0 code [0x0000000002bef220, 0x0000000002bef8f8]

GC Heap History (6 events):
Event: 0.926 GC heap before
{Heap before GC invocations=1 (full 0):
 PSYoungGen      total 18944K, used 16384K [0x00000000feb00000, 0x0000000100000000, 0x0000000100000000)
  eden space 16384K, 100% used [0x00000000feb00000,0x00000000ffb00000,0x00000000ffb00000)
  from space 2560K, 0% used [0x00000000ffd80000,0x00000000ffd80000,0x0000000100000000)
  to   space 2560K, 0% used [0x00000000ffb00000,0x00000000ffb00000,0x00000000ffd80000)
 ParOldGen       total 44032K, used 0K [0x00000000fc000000, 0x00000000feb00000, 0x00000000feb00000)
  object space 44032K, 0% used [0x00000000fc000000,0x00000000fc000000,0x00000000feb00000)
 Metaspace       used 6285K, capacity 6494K, committed 6784K, reserved 1056768K
  class space    used 759K, capacity 845K, committed 896K, reserved 1048576K
Event: 0.933 GC heap after
Heap after GC invocations=1 (full 0):
 PSYoungGen      total 18944K, used 2549K [0x00000000feb00000, 0x0000000100000000, 0x0000000100000000)
  eden space 16384K, 0% used [0x00000000feb00000,0x00000000feb00000,0x00000000ffb00000)
  from space 2560K, 99% used [0x00000000ffb00000,0x00000000ffd7d6b8,0x00000000ffd80000)
  to   space 2560K, 0% used [0x00000000ffd80000,0x00000000ffd80000,0x0000000100000000)
 ParOldGen       total 44032K, used 16K [0x00000000fc000000, 0x00000000feb00000, 0x00000000feb00000)
  object space 44032K, 0% used [0x00000000fc000000,0x00000000fc004000,0x00000000feb00000)
 Metaspace       used 6285K, capacity 6494K, committed 6784K, reserved 1056768K
  class space    used 759K, capacity 845K, committed 896K, reserved 1048576K
}
Event: 1.276 GC heap before
{Heap before GC invocations=2 (full 0):
 PSYoungGen      total 18944K, used 18933K [0x00000000feb00000, 0x0000000100000000, 0x0000000100000000)
  eden space 16384K, 100% used [0x00000000feb00000,0x00000000ffb00000,0x00000000ffb00000)
  from space 2560K, 99% used [0x00000000ffb00000,0x00000000ffd7d6b8,0x00000000ffd80000)
  to   space 2560K, 0% used [0x00000000ffd80000,0x00000000ffd80000,0x0000000100000000)
 ParOldGen       total 44032K, used 16K [0x00000000fc000000, 0x00000000feb00000, 0x00000000feb00000)
  object space 44032K, 0% used [0x00000000fc000000,0x00000000fc004000,0x00000000feb00000)
 Metaspace       used 8609K, capacity 8838K, committed 8960K, reserved 1056768K
  class space    used 1155K, capacity 1247K, committed 1280K, reserved 1048576K
Event: 1.280 GC heap after
Heap after GC invocations=2 (full 0):
 PSYoungGen      total 18944K, used 2549K [0x00000000feb00000, 0x0000000100000000, 0x0000000100000000)
  eden space 16384K, 0% used [0x00000000feb00000,0x00000000feb00000,0x00000000ffb00000)
  from space 2560K, 99% used [0x00000000ffd80000,0x00000000ffffd538,0x0000000100000000)
  to   space 2560K, 0% used [0x00000000ffb00000,0x00000000ffb00000,0x00000000ffd80000)
 ParOldGen       total 44032K, used 1334K [0x00000000fc000000, 0x00000000feb00000, 0x00000000feb00000)
  object space 44032K, 3% used [0x00000000fc000000,0x00000000fc14d8a0,0x00000000feb00000)
 Metaspace       used 8609K, capacity 8838K, committed 8960K, reserved 1056768K
  class space    used 1155K, capacity 1247K, committed 1280K, reserved 1048576K
}
Event: 4.305 GC heap before
{Heap before GC invocations=3 (full 0):
 PSYoungGen      total 18944K, used 18933K [0x00000000feb00000, 0x0000000100000000, 0x0000000100000000)
  eden space 16384K, 100% used [0x00000000feb00000,0x00000000ffb00000,0x00000000ffb00000)
  from space 2560K, 99% used [0x00000000ffd80000,0x00000000ffffd538,0x0000000100000000)
  to   space 2560K, 0% used [0x00000000ffb00000,0x00000000ffb00000,0x00000000ffd80000)
 ParOldGen       total 44032K, used 1334K [0x00000000fc000000, 0x00000000feb00000, 0x00000000feb00000)
  object space 44032K, 3% used [0x00000000fc000000,0x00000000fc14d8a0,0x00000000feb00000)
 Metaspace       used 11364K, capacity 11662K, committed 11904K, reserved 1058816K
  class space    used 1515K, capacity 1633K, committed 1664K, reserved 1048576K
Event: 4.313 GC heap after
Heap after GC invocations=3 (full 0):
 PSYoungGen      total 18944K, used 2544K [0x00000000feb00000, 0x0000000100000000, 0x0000000100000000)
  eden space 16384K, 0% used [0x00000000feb00000,0x00000000feb00000,0x00000000ffb00000)
  from space 2560K, 99% used [0x00000000ffb00000,0x00000000ffd7c010,0x00000000ffd80000)
  to   space 2560K, 0% used [0x00000000ffd80000,0x00000000ffd80000,0x0000000100000000)
 ParOldGen       total 44032K, used 3668K [0x00000000fc000000, 0x00000000feb00000, 0x00000000feb00000)
  object space 44032K, 8% used [0x00000000fc000000,0x00000000fc395000,0x00000000feb00000)
 Metaspace       used 11364K, capacity 11662K, committed 11904K, reserved 1058816K
  class space    used 1515K, capacity 1633K, committed 1664K, reserved 1048576K
}

Deoptimization events (10 events):
Event: 1.007 Thread 0x0000000002622800 Uncommon trap: reason=class_check action=maybe_recompile pc=0x00000000029e2160 method=java.util.regex.Matcher.match(II)Z @ 86
Event: 1.007 Thread 0x0000000002622800 Uncommon trap: reason=class_check action=maybe_recompile pc=0x00000000029e2160 method=java.util.regex.Matcher.match(II)Z @ 86
Event: 1.008 Thread 0x0000000002622800 Uncommon trap: reason=class_check action=maybe_recompile pc=0x00000000029e2160 method=java.util.regex.Matcher.match(II)Z @ 86
Event: 1.008 Thread 0x0000000002622800 Uncommon trap: reason=class_check action=maybe_recompile pc=0x00000000029e2160 method=java.util.regex.Matcher.match(II)Z @ 86
Event: 1.353 Thread 0x0000000002622800 Uncommon trap: reason=unstable_if action=reinterpret pc=0x0000000002a8e478 method=java.util.HashMap.getNode(ILjava/lang/Object;)Ljava/util/HashMap$Node; @ 129
Event: 1.353 Thread 0x0000000002622800 Uncommon trap: reason=bimorphic action=maybe_recompile pc=0x0000000002a5a4fc method=java.util.HashMap.putVal(ILjava/lang/Object;Ljava/lang/Object;ZZ)Ljava/lang/Object; @ 203
Event: 4.301 Thread 0x0000000015b9c800 Uncommon trap: reason=unstable_if action=reinterpret pc=0x0000000002a8c884 method=java.util.HashMap.getNode(ILjava/lang/Object;)Ljava/util/HashMap$Node; @ 129
Event: 4.301 Thread 0x0000000015b9c800 Uncommon trap: reason=bimorphic action=maybe_recompile pc=0x0000000002a5a4fc method=java.util.HashMap.putVal(ILjava/lang/Object;Ljava/lang/Object;ZZ)Ljava/lang/Object; @ 203
Event: 4.301 Thread 0x0000000015b9c800 Uncommon trap: reason=bimorphic action=maybe_recompile pc=0x0000000002a5a4fc method=java.util.HashMap.putVal(ILjava/lang/Object;Ljava/lang/Object;ZZ)Ljava/lang/Object; @ 203
Event: 4.319 Thread 0x0000000015b9c800 Uncommon trap: reason=unstable_if action=reinterpret pc=0x0000000002b58eb0 method=java.io.DataInputStream.readUTF(Ljava/io/DataInput;)Ljava/lang/String; @ 31

Classes redefined (0 events):
No events

Internal exceptions (10 events):
Event: 1.290 Thread 0x0000000002622800 Exception <a 'java/lang/ArrayIndexOutOfBoundsException'> (0x00000000feb8dad8) thrown at [C:\re\workspace\8-2-build-windows-amd64-cygwin\jdk8u211\12973\hotspot\src\share\vm\runtime\sharedRuntime.cpp, line 605]
Event: 1.291 Thread 0x0000000002622800 Exception <a 'java/lang/ArrayIndexOutOfBoundsException'> (0x00000000feb91f10) thrown at [C:\re\workspace\8-2-build-windows-amd64-cygwin\jdk8u211\12973\hotspot\src\share\vm\runtime\sharedRuntime.cpp, line 605]
Event: 1.297 Thread 0x0000000002622800 Exception <a 'java/lang/ArrayIndexOutOfBoundsException'> (0x00000000feca5230) thrown at [C:\re\workspace\8-2-build-windows-amd64-cygwin\jdk8u211\12973\hotspot\src\share\vm\runtime\sharedRuntime.cpp, line 605]
Event: 1.297 Thread 0x0000000002622800 Exception <a 'java/lang/ArrayIndexOutOfBoundsException'> (0x00000000feca6480) thrown at [C:\re\workspace\8-2-build-windows-amd64-cygwin\jdk8u211\12973\hotspot\src\share\vm\runtime\sharedRuntime.cpp, line 605]
Event: 1.297 Thread 0x0000000002622800 Exception <a 'java/lang/ArrayIndexOutOfBoundsException'> (0x00000000feca77c0) thrown at [C:\re\workspace\8-2-build-windows-amd64-cygwin\jdk8u211\12973\hotspot\src\share\vm\runtime\sharedRuntime.cpp, line 605]
Event: 1.298 Thread 0x0000000002622800 Exception <a 'java/lang/ArrayIndexOutOfBoundsException'> (0x00000000feca9fa0) thrown at [C:\re\workspace\8-2-build-windows-amd64-cygwin\jdk8u211\12973\hotspot\src\share\vm\runtime\sharedRuntime.cpp, line 605]
Event: 1.298 Thread 0x0000000002622800 Exception <a 'java/lang/ArrayIndexOutOfBoundsException'> (0x00000000fecabb20) thrown at [C:\re\workspace\8-2-build-windows-amd64-cygwin\jdk8u211\12973\hotspot\src\share\vm\runtime\sharedRuntime.cpp, line 605]
Event: 1.298 Thread 0x0000000002622800 Exception <a 'java/lang/ArrayIndexOutOfBoundsException'> (0x00000000fecaf2f8) thrown at [C:\re\workspace\8-2-build-windows-amd64-cygwin\jdk8u211\12973\hotspot\src\share\vm\runtime\sharedRuntime.cpp, line 605]
Event: 1.298 Thread 0x0000000002622800 Exception <a 'java/lang/ArrayIndexOutOfBoundsException'> (0x00000000fecb17e0) thrown at [C:\re\workspace\8-2-build-windows-amd64-cygwin\jdk8u211\12973\hotspot\src\share\vm\runtime\sharedRuntime.cpp, line 605]
Event: 13.082 Thread 0x0000000002622800 Exception <a 'java/io/IOException'> (0x00000000fec7f480) thrown at [C:\re\workspace\8-2-build-windows-amd64-cygwin\jdk8u211\12973\hotspot\src\share\vm\prims\jni.cpp, line 710]

Events (10 events):
Event: 13.082 loading class com/google/common/base/Objects
Event: 13.082 loading class com/google/common/base/Objects done
Event: 13.082 loading class com/google/common/base/ExtraObjectsMethodsForWeb
Event: 13.082 loading class com/google/common/base/ExtraObjectsMethodsForWeb done
Event: 13.092 loading class org/gradle/internal/remote/internal/inet/SocketConnection$1
Event: 13.092 loading class org/gradle/internal/remote/internal/inet/SocketConnection$1 done
Event: 13.094 loading class org/fusesource/jansi/Ansi$Erase
Event: 13.094 loading class org/fusesource/jansi/Ansi$Erase done
Event: 13.174 Thread 0x0000000002622800 DEOPT PACKING pc=0x0000000002a05cd8 sp=0x00000000025dd210
Event: 13.174 Thread 0x0000000002622800 DEOPT UNPACKING pc=0x0000000002847890 sp=0x00000000025dcf68 mode 0


Dynamic libraries:
0x00007ff641ad0000 - 0x00007ff641b07000 	C:\Program Files\Java\jdk1.8.0_211\bin\java.exe
0x00007ffbe9d20000 - 0x00007ffbe9f10000 	C:\Windows\SYSTEM32\ntdll.dll
0x00007ffbe89c0000 - 0x00007ffbe8a72000 	C:\Windows\System32\KERNEL32.DLL
0x00007ffbe6fc0000 - 0x00007ffbe7265000 	C:\Windows\System32\KERNELBASE.dll
0x00007ffbe9a10000 - 0x00007ffbe9ab3000 	C:\Windows\System32\ADVAPI32.dll
0x00007ffbe9190000 - 0x00007ffbe922e000 	C:\Windows\System32\msvcrt.dll
0x00007ffbe8510000 - 0x00007ffbe85a7000 	C:\Windows\System32\sechost.dll
0x00007ffbe85b0000 - 0x00007ffbe86cf000 	C:\Windows\System32\RPCRT4.dll
0x00007ffbe8ff0000 - 0x00007ffbe9184000 	C:\Windows\System32\USER32.dll
0x00007ffbe6f90000 - 0x00007ffbe6fb1000 	C:\Windows\System32\win32u.dll
0x00007ffbe9b30000 - 0x00007ffbe9b56000 	C:\Windows\System32\GDI32.dll
0x00007ffbe7b80000 - 0x00007ffbe7d18000 	C:\Windows\System32\gdi32full.dll
0x00007ffbe6ef0000 - 0x00007ffbe6f8e000 	C:\Windows\System32\msvcp_win.dll
0x00007ffbe6c90000 - 0x00007ffbe6d8a000 	C:\Windows\System32\ucrtbase.dll
0x00007ffbd3970000 - 0x00007ffbd3bf4000 	C:\Windows\WinSxS\amd64_microsoft.windows.common-controls_6595b64144ccf1df_6.0.18362.1440_none_9e7dbfb9e45e8e67\COMCTL32.dll
0x00007ffbe81d0000 - 0x00007ffbe8506000 	C:\Windows\System32\combase.dll
0x00007ffbe6d90000 - 0x00007ffbe6e11000 	C:\Windows\System32\bcryptPrimitives.dll
0x00007ffbe9b70000 - 0x00007ffbe9b9e000 	C:\Windows\System32\IMM32.DLL
0x0000000050910000 - 0x00000000509e2000 	C:\Program Files\Java\jdk1.8.0_211\jre\bin\msvcr100.dll
0x0000000076a70000 - 0x0000000077315000 	C:\Program Files\Java\jdk1.8.0_211\jre\bin\server\jvm.dll
0x00007ffbe9920000 - 0x00007ffbe9928000 	C:\Windows\System32\PSAPI.DLL
0x00007ffbe49b0000 - 0x00007ffbe49d4000 	C:\Windows\SYSTEM32\WINMM.dll
0x00007ffbe56c0000 - 0x00007ffbe56ca000 	C:\Windows\SYSTEM32\VERSION.dll
0x00007ffbe4980000 - 0x00007ffbe49ad000 	C:\Windows\SYSTEM32\WINMMBASE.dll
0x00007ffbe7d80000 - 0x00007ffbe7dca000 	C:\Windows\System32\cfgmgr32.dll
0x00007ffbcfdf0000 - 0x00007ffbcfdf9000 	C:\Windows\SYSTEM32\WSOCK32.dll
0x00007ffbe9ac0000 - 0x00007ffbe9b2f000 	C:\Windows\System32\WS2_32.dll
0x00007ffbe3180000 - 0x00007ffbe318f000 	C:\Program Files\Java\jdk1.8.0_211\jre\bin\verify.dll
0x00007ffbd4e20000 - 0x00007ffbd4e49000 	C:\Program Files\Java\jdk1.8.0_211\jre\bin\java.dll
0x00007ffbe3160000 - 0x00007ffbe3176000 	C:\Program Files\Java\jdk1.8.0_211\jre\bin\zip.dll
0x00007ffbe9230000 - 0x00007ffbe9918000 	C:\Windows\System32\SHELL32.dll
0x00007ffbe7e40000 - 0x00007ffbe7ee7000 	C:\Windows\System32\shcore.dll
0x00007ffbe72a0000 - 0x00007ffbe7a1b000 	C:\Windows\System32\windows.storage.dll
0x00007ffbe6c70000 - 0x00007ffbe6c8e000 	C:\Windows\System32\profapi.dll
0x00007ffbe6c00000 - 0x00007ffbe6c4a000 	C:\Windows\System32\powrprof.dll
0x00007ffbe6bd0000 - 0x00007ffbe6be0000 	C:\Windows\System32\UMPDC.dll
0x00007ffbe99b0000 - 0x00007ffbe9a02000 	C:\Windows\System32\shlwapi.dll
0x00007ffbe6be0000 - 0x00007ffbe6bf1000 	C:\Windows\System32\kernel.appcore.dll
0x00007ffbe6ed0000 - 0x00007ffbe6ee7000 	C:\Windows\System32\cryptsp.dll
0x00007ffbe07c0000 - 0x00007ffbe07da000 	C:\Program Files\Java\jdk1.8.0_211\jre\bin\net.dll
0x00007ffbd5270000 - 0x00007ffbd5447000 	C:\Windows\SYSTEM32\urlmon.dll
0x00007ffbd5570000 - 0x00007ffbd5817000 	C:\Windows\SYSTEM32\iertutil.dll
0x00007ffbe65e0000 - 0x00007ffbe65ec000 	C:\Windows\SYSTEM32\CRYPTBASE.DLL
0x00007ffbe6410000 - 0x00007ffbe6477000 	C:\Windows\system32\mswsock.dll
0x00007ffbdf800000 - 0x00007ffbdf812000 	C:\Program Files\Java\jdk1.8.0_211\jre\bin\nio.dll
0x00007ffbd4df0000 - 0x00007ffbd4e16000 	C:\Users\vuong\.gradle\native\fdc75f09e3144964f2cf3f50f0aa648679c211496f362492102eb8c894070792\windows-amd64\native-platform.dll
0x00007ffba7590000 - 0x00007ffba7721000 	C:\Users\vuong\.gradle\native\12488b8bf47d2d4c9fbf2f6322a914ad602e24e48041cd04a747c6da556b65c4\windows-amd64\native-platform-file-events.dll
0x00007ffbe3190000 - 0x00007ffbe319a000 	C:\Users\vuong\.gradle\native\jansi\1.18\windows64\jansi.dll
0x00007ffbd66a0000 - 0x00007ffbd66ad000 	C:\Program Files\Java\jdk1.8.0_211\jre\bin\management.dll
0x00007ffbe5f90000 - 0x00007ffbe5fc3000 	C:\Windows\system32\rsaenh.dll
0x00007ffbe7270000 - 0x00007ffbe7296000 	C:\Windows\System32\bcrypt.dll
0x00007ffbe6ab0000 - 0x00007ffbe6ad5000 	C:\Windows\SYSTEM32\USERENV.dll
0x00007ffbe6120000 - 0x00007ffbe615a000 	C:\Windows\SYSTEM32\IPHLPAPI.DLL
0x00007ffbe9b60000 - 0x00007ffbe9b68000 	C:\Windows\System32\NSI.dll
0x00007ffbd8640000 - 0x00007ffbd8656000 	C:\Windows\SYSTEM32\dhcpcsvc6.DLL
0x00007ffbd8620000 - 0x00007ffbd863c000 	C:\Windows\SYSTEM32\dhcpcsvc.DLL
0x00007ffbe6160000 - 0x00007ffbe622b000 	C:\Windows\SYSTEM32\DNSAPI.dll
0x00007ffbdbab0000 - 0x00007ffbdbabb000 	C:\Windows\SYSTEM32\WINNSI.DLL

VM Arguments:
jvm_args: -Xmx64m -Xms64m -Dorg.gradle.appname=gradlew 
java_command: org.gradle.wrapper.GradleWrapperMain clean
java_class_path (initial): D:\toDoList\ToDoListClone\android\\gradle\wrapper\gradle-wrapper.jar
Launcher Type: SUN_STANDARD

Environment Variables:
JAVA_HOME=C:\Program Files\Java\jdk1.8.0_211
CLASSPATH=D:\toDoList\ToDoListClone\android\\gradle\wrapper\gradle-wrapper.jar
PATH=C:\Program Files (x86)\Common Files\Oracle\Java\javapath;C:\Windows\system32;C:\Windows;C:\Windows\System32\Wbem;C:\Windows\System32\WindowsPowerShell\v1.0\;C:\Windows\System32\OpenSSH\;C:\Program Files\Java\jdk1.8.0_211\bin;C:\Program Files\Microsoft SQL Server\120\Tools\Binn\;C:\Program Files\Microsoft SQL Server\Client SDK\ODBC\110\Tools\Binn\;C:\Program Files (x86)\Microsoft SQL Server\120\Tools\Binn\;C:\Program Files\Microsoft SQL Server\120\DTS\Binn\;C:\Program Files (x86)\Microsoft SQL Server\120\Tools\Binn\ManagementStudio\;C:\Program Files (x86)\Microsoft SQL Server\120\DTS\Binn\;%ANDROID_HOME%;C:\Program Files (x86)\Yarn\bin\;C:\ProgramData\chocolatey\bin;C:\Program Files\nodejs\;C:\Program Files\Java\jdk1.8.0_211\bin;C:\Program Files\Git\cmd;C:\Program Files\Microsoft SQL Server\130\Tools\Binn\;C:\Program Files (x86)\Windows Kits\8.1\Windows Performance Toolkit\;C:\Program Files\MySQL\MySQL Shell 8.0\bin\;C:\Users\vuong\AppData\Local\Programs\Python\Python38-32\Scripts\;C:\Users\vuong\AppData\Local\Programs\Python\Python38-32\;C:\Users\vuong\AppData\Local\Microsoft\WindowsApps;C:\Users\vuong\AppData\Local\Programs\Microsoft VS Code\bin;C:\Users\vuong\AppData\Local\Android\Sdk\platform-tools;C:\Users\vuong\AppData\Local\Yarn\bin;C:\Users\vuong\AppData\Roaming\npm;C:\Program Files (x86)\Dev-Cpp\MinGW64\bin\g++;;G:\PyCharm 2020.2.3\bin;;C:\Program Files\JetBrains\PyCharm Community Edition 2020.2.4\bin;
USERNAME=vuong
OS=Windows_NT
PROCESSOR_IDENTIFIER=Intel64 Family 6 Model 142 Stepping 9, GenuineIntel



---------------  S Y S T E M  ---------------

OS: Windows 10.0 , 64 bit Build 18362 (10.0.18362.1350)

CPU:total 4 (initial active 4) (2 cores per cpu, 2 threads per core) family 6 model 142 stepping 9, cmov, cx8, fxsr, mmx, sse, sse2, sse3, ssse3, sse4.1, sse4.2, popcnt, avx, avx2, aes, clmul, erms, 3dnowpref, lzcnt, ht, tsc, tscinvbit, bmi1, bmi2, adx

Memory: 4k page, physical 8251412k(282532k free), swap 21051408k(29860k free)

vm_info: Java HotSpot(TM) 64-Bit Server VM (25.211-b12) for windows-amd64 JRE (1.8.0_211-b12), built on Apr  1 2019 20:53:26 by "java_re" with MS VC++ 10.0 (VS2010)

time: Wed Mar 24 10:12:10 2021
timezone: SE Asia Standard Time
elapsed time: 13 seconds (0d 0h 0m 13s)

